<?xml version="1.0" encoding="UTF-8"?>
<!-- Generated by org.testng.reporters.JUnitReportReporter -->
<testsuite hostname="SHUMISHRA-NB" failures="0" tests="2" name="com.demoqa.tests.UserDataTest" time="5.720" errors="0" timestamp="2022-12-25T15:19:57 CET" skipped="0">
  <testcase classname="com.demoqa.tests.UserDataTest" name="userDataTest" time="1.956"/>
  <system-out/>
  <testcase classname="com.demoqa.tests.UserDataTest" name="userDataTest" time="3.764"/>
  <system-out/>
</testsuite> <!-- com.demoqa.tests.UserDataTest -->
